Build started 05/12/2015 10:40:19 PM.
     1>Project "D:\Thesis\GUI\ThesisV1\ThesisV1\ThesisV1.vcxproj" on node 2 (build target(s)).
     1>InitializeBuildStatus:
         Creating "Debug\ThesisV1.unsuccessfulbuild" because "AlwaysCreate" was specified.
       ClCompile:
         All outputs are up-to-date.
         All outputs are up-to-date.
       ResourceCompile:
         All outputs are up-to-date.
       ManifestResourceCompile:
         All outputs are up-to-date.
       Link:
         All outputs are up-to-date.
       Manifest:
         C:\Program Files (x86)\Microsoft SDKs\Windows\v7.0A\bin\mt.exe /nologo /verbose /out:"Debug\ThesisV1.exe.embed.manifest" /manifest Debug\ThesisV1.exe.intermediate.manifest "C:\Program Files (x86)\Microsoft Visual Studio 10.0\VC\Include\Manifest\dpiaware.manifest"
         All outputs are up-to-date.
       FinalizeBuildStatus:
         Deleting file "Debug\ThesisV1.unsuccessfulbuild".
         Touching "Debug\ThesisV1.lastbuildstate".
     1>Done Building Project "D:\Thesis\GUI\ThesisV1\ThesisV1\ThesisV1.vcxproj" (build target(s)).

Build succeeded.

Time Elapsed 00:00:01.20
